<?xml version="1.0" encoding="UTF-8"?>
<!-- Generated by org.testng.reporters.JUnitReportReporter -->
<testsuite hostname="DESKTOP-8RI6OF2" failures="0" tests="2" name="practice.SampleTest" time="0.003" errors="0" timestamp="2022-07-13T17:06:34 IST" skipped="0">
  <testcase classname="practice.SampleTest" name="createAndDeleteContact" time="0.001"/>
  <system-out/>
  <testcase classname="practice.SampleTest" name="createContact" time="0.002"/>
  <system-out/>
</testsuite> <!-- practice.SampleTest -->
