<?xml version="1.0" encoding="UTF-8"?>
<!-- Generated by org.testng.reporters.JUnitReportReporter -->
<testsuite hostname="DESKTOP-8RI6OF2" failures="0" tests="1" name="practice.SampleTest1" time="0.010" errors="0" timestamp="2022-07-13T15:57:24 IST" skipped="0">
  <testcase classname="practice.SampleTest1" name="createContact" time="0.010"/>
  <system-out/>
</testsuite> <!-- practice.SampleTest1 -->
