<?xml version="1.0" encoding="UTF-8"?>
<!-- Generated by org.testng.reporters.JUnitReportReporter -->
<testsuite hostname="DESKTOP-8RI6OF2" name="practice.SampleContactTest" tests="1" failures="0" timestamp="14 Jul 2022 08:03:06 GMT" time="3.465" errors="0">
  <testcase name="createOrganization" time="3.465" classname="practice.SampleContactTest"/>
</testsuite>
